<?xml version="1.0" encoding="UTF-8"?>
<!-- Generated by org.testng.reporters.JUnitReportReporter -->
<testsuite hostname="LAPTOP-1AJK8K31" failures="0" tests="1" name="test.Minimumselectiontest" time="11.101" errors="0" timestamp="2024-08-29T14:09:27 IST" skipped="0">
  <testcase classname="test.Minimumselectiontest" name="test" time="11.101"/>
</testsuite> <!-- test.Minimumselectiontest -->
