<?xml version="1.0" encoding="UTF-8"?>
<!-- Generated by org.testng.reporters.JUnitReportReporter -->
<testsuite hostname="LAPTOP-1AJK8K31" failures="0" tests="1" name="test.Productfieldstest" time="11.808" errors="0" timestamp="2024-08-29T14:08:45 IST" skipped="0">
  <testcase classname="test.Productfieldstest" name="test" time="11.808"/>
</testsuite> <!-- test.Productfieldstest -->
