<?xml version="1.0" encoding="UTF-8"?>
<!-- Generated by org.testng.reporters.JUnitReportReporter -->
<testsuite hostname="LAPTOP-1AJK8K31" failures="0" tests="1" name="test.Logintest" time="0.835" errors="0" timestamp="2024-08-29T14:14:12 IST" skipped="0">
  <testcase classname="test.Logintest" name="test1" time="0.835"/>
</testsuite> <!-- test.Logintest -->
